<?xml version="1.0" encoding="utf-8"?><testsuites name="pytest tests"><testsuite name="pytest" errors="0" failures="1" skipped="0" tests="23" time="3.682" timestamp="2026-04-10T11:48:50.026738+00:00" hostname="agent-env-6f40fa8d-2cc3-4de8-a700-b33abfb1ed18"><testcase classname="tests.test_community_api.TestChannelsAPI" name="test_get_channels_returns_list" time="0.169" /><testcase classname="tests.test_community_api.TestChannelsAPI" name="test_get_channels_has_8_seeded_channels" time="0.144" /><testcase classname="tests.test_community_api.TestChannelsAPI" name="test_channel_has_required_fields" time="0.108" /><testcase classname="tests.test_community_api.TestChannelsAPI" name="test_channel_slugs_match_expected" time="0.147" /><testcase classname="tests.test_community_api.TestPostsAPI" name="test_get_posts_returns_list" time="0.136" /><testcase classname="tests.test_community_api.TestPostsAPI" name="test_posts_have_vote_fields" time="0.127" /><testcase classname="tests.test_community_api.TestPostsAPI" name="test_posts_have_channel_info" time="0.122" /><testcase classname="tests.test_community_api.TestPostsAPI" name="test_posts_have_author_info" time="0.124" /><testcase classname="tests.test_community_api.TestPostsFiltering" name="test_filter_by_channel_slug" time="0.106" /><testcase classname="tests.test_community_api.TestPostsFiltering" name="test_filter_by_bmw_channel" time="0.132" /><testcase classname="tests.test_community_api.TestPostsFiltering" name="test_filter_nonexistent_channel_returns_empty" time="0.113"><failure message="AssertionError: Should return empty list for non-existent channel&#10;assert 4 == 0&#10; +  where 4 = len([{'author': {'name': 'ModGarage Official', 'picture': '', 'user_id': 'user_56365aa26b2b'}, 'caption': 'Track day ready. Full suspension overhaul and aero package installed. Shaved 3 seconds off our lap time!', 'car_id': None, 'channel': {'channel_id': 'ch_a56659982a13', 'created_at': '2026-04-10T11:45:04.236526+00:00', 'created_by': 'system', 'description': 'Lap times, suspension setups, and aero data from the circuit.', ...}, ...}, {'author': {'name': 'ModGarage Official', 'picture': '', 'user_id': 'user_56365aa26b2b'}, 'caption': 'Engine bay goals. Every bolt, every hose - perfection. Who else obsesses over the details?', 'car_id': None, 'channel': {'channel_id': 'ch_76960043008b', 'created_at': '2026-04-10T11:45:04.236504+00:00', 'created_by': 'system', 'description': 'Skyline, RX-7, NSX, EVO — the icons of Japanese performance.', ...}, ...}, {'author': {'name': 'ModGarage Official', 'picture': '', 'user_id': 'user_56365aa26b2b'}, 'caption': 'Weekend project turned masterpiece. KW V3 coilovers + BBS RS wheels. Sits perfect.', 'car_id': None, 'channel': {'channel_id': 'ch_f398b7ee74cd', 'created_at': '2026-04-10T11:45:04.236499+00:00', 'created_by': 'system', 'description': 'M2, M3, M4 and beyond. Performance mods and track setups.', ...}, ...}, {'author': {'name': 'ModGarage Official', 'picture': '', 'user_id': 'user_56365aa26b2b'}, 'caption': 'Fresh build complete! Full carbon aero kit with titanium exhaust. The sound is absolutely insane.', 'car_id': None, 'channel': {'channel_id': 'ch_fdbb6d1664ef', 'created_at': '2026-04-10T11:45:04.236530+00:00', 'created_by': 'system', 'description': 'Detailing, wraps, paint correction — make it look as good as it drives.', ...}, ...}])">tests/test_community_api.py:135: in test_filter_nonexistent_channel_returns_empty
    assert len(data) == 0, "Should return empty list for non-existent channel"
E   AssertionError: Should return empty list for non-existent channel
E   assert 4 == 0
E    +  where 4 = len([{'author': {'name': 'ModGarage Official', 'picture': '', 'user_id': 'user_56365aa26b2b'}, 'caption': 'Track day ready. Full suspension overhaul and aero package installed. Shaved 3 seconds off our lap time!', 'car_id': None, 'channel': {'channel_id': 'ch_a56659982a13', 'created_at': '2026-04-10T11:45:04.236526+00:00', 'created_by': 'system', 'description': 'Lap times, suspension setups, and aero data from the circuit.', ...}, ...}, {'author': {'name': 'ModGarage Official', 'picture': '', 'user_id': 'user_56365aa26b2b'}, 'caption': 'Engine bay goals. Every bolt, every hose - perfection. Who else obsesses over the details?', 'car_id': None, 'channel': {'channel_id': 'ch_76960043008b', 'created_at': '2026-04-10T11:45:04.236504+00:00', 'created_by': 'system', 'description': 'Skyline, RX-7, NSX, EVO — the icons of Japanese performance.', ...}, ...}, {'author': {'name': 'ModGarage Official', 'picture': '', 'user_id': 'user_56365aa26b2b'}, 'caption': 'Weekend project turned masterpiece. KW V3 coilovers + BBS RS wheels. Sits perfect.', 'car_id': None, 'channel': {'channel_id': 'ch_f398b7ee74cd', 'created_at': '2026-04-10T11:45:04.236499+00:00', 'created_by': 'system', 'description': 'M2, M3, M4 and beyond. Performance mods and track setups.', ...}, ...}, {'author': {'name': 'ModGarage Official', 'picture': '', 'user_id': 'user_56365aa26b2b'}, 'caption': 'Fresh build complete! Full carbon aero kit with titanium exhaust. The sound is absolutely insane.', 'car_id': None, 'channel': {'channel_id': 'ch_fdbb6d1664ef', 'created_at': '2026-04-10T11:45:04.236530+00:00', 'created_by': 'system', 'description': 'Detailing, wraps, paint correction — make it look as good as it drives.', ...}, ...}])</failure></testcase><testcase classname="tests.test_community_api.TestPostsSorting" name="test_sort_by_top" time="0.108" /><testcase classname="tests.test_community_api.TestPostsSorting" name="test_sort_by_new" time="0.107" /><testcase classname="tests.test_community_api.TestPostsSorting" name="test_sort_by_hot" time="0.123" /><testcase classname="tests.test_community_api.TestAuthRequiredEndpoints" name="test_vote_requires_auth" time="0.275" /><testcase classname="tests.test_community_api.TestAuthRequiredEndpoints" name="test_save_requires_auth" time="0.243" /><testcase classname="tests.test_community_api.TestAuthRequiredEndpoints" name="test_create_channel_requires_auth" time="0.126" /><testcase classname="tests.test_community_api.TestAuthRequiredEndpoints" name="test_create_post_requires_auth" time="0.143" /><testcase classname="tests.test_community_api.TestAuthRequiredEndpoints" name="test_comment_requires_auth" time="0.264" /><testcase classname="tests.test_community_api.TestCommentsAPI" name="test_get_comments_returns_list" time="0.232" /><testcase classname="tests.test_community_api.TestPostDetails" name="test_post_has_tagged_products" time="0.138" /><testcase classname="tests.test_community_api.TestPostDetails" name="test_post_has_media_urls" time="0.109" /><testcase classname="tests.test_community_api.TestPostDetails" name="test_post_has_comments_count" time="0.102" /></testsuite></testsuites>